<?xml version="1.0" encoding="UTF-8"?>
<!-- Generated by org.testng.reporters.JUnitReportReporter -->
<testsuite hostname="AHAD-PC" failures="0" tests="1" name="qa.test.LoginTest" time="8.325" errors="0" timestamp="2024-11-23T15:04:51 IST" skipped="0">
  <testcase classname="qa.test.LoginTest" name="LoginHomePageTest" time="8.325"/>
  <system-out/>
</testsuite> <!-- qa.test.LoginTest -->
