<?xml version="1.0" encoding="UTF-8"?>
<!-- Generated by org.testng.reporters.JUnitReportReporter -->
<testsuite hostname="AHAD-PC" failures="0" tests="2" name="qa.test.HomeTest" time="13.319" errors="0" timestamp="2024-11-23T15:04:51 IST" skipped="0">
  <testcase classname="qa.test.HomeTest" name="HomePageTestCase2" time="4.324"/>
  <system-out/>
  <testcase classname="qa.test.HomeTest" name="HomePageTestCase" time="8.995"/>
  <system-out/>
</testsuite> <!-- qa.test.HomeTest -->
