<?xml version="1.0" encoding="UTF-8"?>
<!-- Generated by org.testng.reporters.JUnitReportReporter -->
<testsuite hostname="AHAD-PC" failures="0" tests="1" name="qa.test.LoginTest" time="7.703" errors="0" timestamp="2024-11-17T11:42:33 IST" skipped="0">
  <testcase classname="qa.test.LoginTest" name="LoginHomePageTest" time="7.703"/>
  <system-out/>
</testsuite> <!-- qa.test.LoginTest -->
