<?xml version="1.0" encoding="UTF-8"?>
<!-- Generated by org.testng.reporters.JUnitReportReporter -->
<testsuite hostname="AHAD-PC" failures="0" tests="1" name="qa.test.TestCase1" time="19.492" errors="0" timestamp="2024-11-12T23:57:41 IST" skipped="0">
  <testcase classname="qa.test.TestCase1" name="LoginHomePageTest" time="19.492"/>
  <system-out/>
</testsuite> <!-- qa.test.TestCase1 -->
