<?xml version="1.0" encoding="UTF-8"?>
<!-- Generated by org.testng.reporters.JUnitReportReporter -->
<testsuite hostname="AHAD-PC" failures="0" tests="1" name="qa.test.LoginTest" time="7.936" errors="0" timestamp="2024-12-01T14:05:06 IST" skipped="0">
  <testcase classname="qa.test.LoginTest" name="LoginHomePageTest" time="7.936"/>
  <system-out/>
</testsuite> <!-- qa.test.LoginTest -->
