<?xml version="1.0" encoding="UTF-8"?>
<!-- Generated by org.testng.reporters.JUnitReportReporter -->
<testsuite hostname="AHAD-PC" failures="0" tests="1" name="qa.test.TestCase2" time="21.933" errors="0" timestamp="2024-11-12T23:51:24 IST" skipped="0">
  <testcase classname="qa.test.TestCase2" name="HomePageTestCase" time="21.933"/>
  <system-out/>
</testsuite> <!-- qa.test.TestCase2 -->
