<?xml version="1.0" encoding="UTF-8"?>
<!-- Generated by org.testng.reporters.JUnitReportReporter -->
<testsuite hostname="AHAD-PC" failures="0" tests="2" name="qa.test.HomeTest" time="10.859" errors="0" timestamp="2024-12-01T14:05:06 IST" skipped="0">
  <testcase classname="qa.test.HomeTest" name="HomePageTestCase2" time="4.448"/>
  <system-out/>
  <testcase classname="qa.test.HomeTest" name="HomePageTestCase" time="6.411"/>
  <system-out/>
</testsuite> <!-- qa.test.HomeTest -->
