<?xml version="1.0" encoding="UTF-8"?>
<!-- Generated by org.testng.reporters.JUnitReportReporter -->
<testsuite hostname="AHAD-PC" failures="0" tests="2" name="qa.test.HomeTest" time="15.198" errors="0" timestamp="2024-11-17T11:42:33 IST" skipped="0">
  <testcase classname="qa.test.HomeTest" name="HomePageTestCase" time="10.161"/>
  <system-out/>
  <testcase classname="qa.test.HomeTest" name="HomePageTestCase2" time="5.037"/>
  <system-out/>
</testsuite> <!-- qa.test.HomeTest -->
